<?xml version="1.0" encoding="UTF-8"?>
<!-- Generated by org.testng.reporters.JUnitReportReporter -->
<testsuite skipped="1" hostname="LM0001767" name="com.JioMart.testCases.TC_003_Logout" tests="1" failures="0" timestamp="2023-02-14T19:45:57 IST" time="0.000" errors="0">
  <testcase name="verifyLogoutTest" time="0.000" classname="com.JioMart.testCases.TC_003_Logout">
    <skipped/>
  </testcase> <!-- verifyLogoutTest -->
  <system-out/>
</testsuite> <!-- com.JioMart.testCases.TC_003_Logout -->
