<?xml version="1.0" encoding="UTF-8"?>
<!-- Generated by org.testng.reporters.JUnitReportReporter -->
<testsuite hostname="LM0001767" failures="0" tests="1" name="com.JioMart.testCases.Rough" time="2.374" errors="0" timestamp="2023-04-02T10:57:04 IST" skipped="0">
  <testcase classname="com.JioMart.testCases.Rough" name="demoTest" time="2.374"/>
  <system-out/>
</testsuite> <!-- com.JioMart.testCases.Rough -->
